Using pre-set license
Built from '2020.3/staging' branch; Version is '2020.3.29f1 (2ff179115da0) revision 3142009'; Using compiler version '192528614'; Build Type 'Release'
OS: 'Windows 10  (10.0.19043) 64bit CoreSingleLanguage' Language: 'en' Physical Memory: 8068 MB
BatchMode: 1, IsHumanControllingUs: 0, StartBugReporterOnCrash: 0, Is64bit: 1, IsPro: 0

COMMAND LINE ARGUMENTS:
E:\unity\2020.3.29f1\Editor\Unity.exe
-adb2
-batchMode
-noUpm
-name
AssetImportWorker0
-projectPath
C:/Users/pc/Downloads/Tappy Ball
-logFile
Logs/AssetImportWorker0.log
-srvPort
65058
Successfully changed project path to: C:/Users/pc/Downloads/Tappy Ball
C:/Users/pc/Downloads/Tappy Ball
Using Asset Import Pipeline V2.
Refreshing native plugins compatible for Editor in 42.25 ms, found 2 plugins.
Preloading 0 native plugins for Editor in 0.00 ms.
Initialize engine version: 2020.3.29f1 (2ff179115da0)
[Subsystems] Discovering subsystems at path E:/unity/2020.3.29f1/Editor/Data/Resources/UnitySubsystems
[Subsystems] Discovering subsystems at path C:/Users/pc/Downloads/Tappy Ball/Assets
GfxDevice: creating device client; threaded=0
Direct3D:
    Version:  Direct3D 11.0 [level 11.1]
    Renderer: Radeon (TM) 520 (ID=0x6665)
    Vendor:   
    VRAM:     2039 MB
    Driver:   27.20.21003.1028
Initialize mono
Mono path[0] = 'E:/unity/2020.3.29f1/Editor/Data/Managed'
Mono path[1] = 'E:/unity/2020.3.29f1/Editor/Data/MonoBleedingEdge/lib/mono/unityjit'
Mono config path = 'E:/unity/2020.3.29f1/Editor/Data/MonoBleedingEdge/etc'
Using monoOptions --debugger-agent=transport=dt_socket,embedding=1,server=y,suspend=n,address=127.0.0.1:56588
Begin MonoManager ReloadAssembly
Registering precompiled unity dll's ...
Register platform support module: E:/unity/2020.3.29f1/Editor/Data/PlaybackEngines/WebGLSupport/UnityEditor.WebGL.Extensions.dll
Register platform support module: E:/unity/2020.3.29f1/Editor/Data/PlaybackEngines/WindowsStandaloneSupport/UnityEditor.WindowsStandalone.Extensions.dll
Registered in 0.001409 seconds.
Native extension for WindowsStandalone target not found
Native extension for WebGL target not found
Refreshing native plugins compatible for Editor in 36.39 ms, found 2 plugins.
Preloading 0 native plugins for Editor in 0.00 ms.
Mono: successfully reloaded assembly
- Completed reload, in  0.766 seconds
Domain Reload Profiling:
	ReloadAssembly (766ms)
		BeginReloadAssembly (80ms)
			ExecutionOrderSort (0ms)
			DisableScriptedObjects (0ms)
			BackupInstance (0ms)
			ReleaseScriptingObjects (0ms)
			CreateAndSetChildDomain (1ms)
		EndReloadAssembly (592ms)
			LoadAssemblies (79ms)
			RebuildTransferFunctionScriptingTraits (0ms)
			SetupTypeCache (245ms)
			ReleaseScriptCaches (0ms)
			RebuildScriptCaches (33ms)
			SetupLoadedEditorAssemblies (188ms)
				LogAssemblyErrors (0ms)
				InitializePlatformSupportModulesInManaged (5ms)
				SetLoadedEditorAssemblies (0ms)
				RefreshPlugins (37ms)
				BeforeProcessingInitializeOnLoad (19ms)
				ProcessInitializeOnLoadAttributes (93ms)
				ProcessInitializeOnLoadMethodAttributes (34ms)
				AfterProcessingInitializeOnLoad (0ms)
				EditorAssembliesLoaded (0ms)
			ExecutionOrderSort2 (0ms)
			AwakeInstancesAfterBackupRestoration (0ms)
Platform modules already initialized, skipping
Registering precompiled user dll's ...
Registered in 0.003099 seconds.
Begin MonoManager ReloadAssembly
Native extension for WindowsStandalone target not found
Native extension for WebGL target not found
Refreshing native plugins compatible for Editor in 0.64 ms, found 2 plugins.
Preloading 0 native plugins for Editor in 0.00 ms.
Mono: successfully reloaded assembly
- Completed reload, in  1.189 seconds
Domain Reload Profiling:
	ReloadAssembly (1190ms)
		BeginReloadAssembly (166ms)
			ExecutionOrderSort (0ms)
			DisableScriptedObjects (6ms)
			BackupInstance (0ms)
			ReleaseScriptingObjects (0ms)
			CreateAndSetChildDomain (19ms)
		EndReloadAssembly (961ms)
			LoadAssemblies (100ms)
			RebuildTransferFunctionScriptingTraits (0ms)
			SetupTypeCache (333ms)
			ReleaseScriptCaches (0ms)
			RebuildScriptCaches (46ms)
			SetupLoadedEditorAssemblies (362ms)
				LogAssemblyErrors (0ms)
				InitializePlatformSupportModulesInManaged (7ms)
				SetLoadedEditorAssemblies (1ms)
				RefreshPlugins (1ms)
				BeforeProcessingInitializeOnLoad (92ms)
				ProcessInitializeOnLoadAttributes (249ms)
				ProcessInitializeOnLoadMethodAttributes (10ms)
				AfterProcessingInitializeOnLoad (2ms)
				EditorAssembliesLoaded (0ms)
			ExecutionOrderSort2 (0ms)
			AwakeInstancesAfterBackupRestoration (7ms)
Platform modules already initialized, skipping
========================================================================
Worker process is ready to serve import requests
Launched and connected shader compiler UnityShaderCompiler.exe after 0.17 seconds
Refreshing native plugins compatible for Editor in 0.37 ms, found 2 plugins.
Preloading 0 native plugins for Editor in 0.00 ms.
Unloading 1510 Unused Serialized files (Serialized files now loaded: 0)
System memory in use before: 68.8 MB.
System memory in use after: 68.9 MB.

Unloading 16 unused Assets to reduce memory usage. Loaded Objects now: 1944.
Total: 2.461900 ms (FindLiveObjects: 0.123500 ms CreateObjectMapping: 0.049300 ms MarkObjects: 2.223500 ms  DeleteObjects: 0.061800 ms)

AssetImportParameters requested are different than current active one (requested -> active):
  custom:framework-win-MediaFoundation: 216162199b28c13a410421893ffa2e32 -> 
  custom:video-decoder-ogg-theora: a1e56fd34408186e4bbccfd4996cb3dc -> 
  custom:container-muxer-webm: aa71ff27fc2769a1b78a27578f13a17b -> 
  custom:container-demuxer-webm: 4f35f7cbe854078d1ac9338744f61a02 -> 
  custom:container-demuxer-ogg: 62fdf1f143b41e24485cea50d1cbac27 -> 
  custom:video-encoder-webm-vp8: eb34c28f22e8b96e1ab97ce403110664 -> 
  custom:video-decoder-webm-vp8: 9c59270c3fd7afecdb556c50c9e8de78 -> 
  custom:audio-decoder-ogg-vorbis: bf7c407c2cedff20999df2af8eb42d56 -> 
  custom:audio-encoder-webm-vorbis: bf7c407c2cedff20999df2af8eb42d56 -> 
========================================================================
Received Import Request.
  path: Assets/Sprites/pipe.png
  artifactKey: Guid(48cd6340c429b5d46b8ce584e5e0a40b) Importer(815301076,1909f56bfc062723c751e8b465ee728b)
Start importing Assets/Sprites/pipe.png using Guid(48cd6340c429b5d46b8ce584e5e0a40b) Importer(815301076,1909f56bfc062723c751e8b465ee728b)  -> (artifact id: 'a525faabd9290e52d1b71a5912e48dc4') in 0.359401 seconds 
  Import took 0.366808 seconds .

========================================================================
Received Import Request.
  Time since last request: 0.000769 seconds.
  path: Assets/Sprites/ball.png
  artifactKey: Guid(340a59f7c7823084e966fd0ec7385adf) Importer(815301076,1909f56bfc062723c751e8b465ee728b)
Start importing Assets/Sprites/ball.png using Guid(340a59f7c7823084e966fd0ec7385adf) Importer(815301076,1909f56bfc062723c751e8b465ee728b)  -> (artifact id: '8e422b63738829dce087eb9389b654e1') in 0.028090 seconds 
  Import took 0.032437 seconds .

========================================================================
Received Import Request.
  Time since last request: 0.000195 seconds.
  path: Assets/Sprites/preview.png
  artifactKey: Guid(7fd424d81caba4d49a1b19845f9a006c) Importer(815301076,1909f56bfc062723c751e8b465ee728b)
Start importing Assets/Sprites/preview.png using Guid(7fd424d81caba4d49a1b19845f9a006c) Importer(815301076,1909f56bfc062723c751e8b465ee728b)  -> (artifact id: 'a57c983de0e976d5b7674a49aa295b55') in 0.032338 seconds 
  Import took 0.035432 seconds .

========================================================================
Received Import Request.
  Time since last request: 0.000150 seconds.
  path: Assets/Sprites/skycourse.png
  artifactKey: Guid(ed31564392610154685b35a83cb506e7) Importer(815301076,1909f56bfc062723c751e8b465ee728b)
Start importing Assets/Sprites/skycourse.png using Guid(ed31564392610154685b35a83cb506e7) Importer(815301076,1909f56bfc062723c751e8b465ee728b)  -> (artifact id: 'b16708f99208de4097eca282f793e87c') in 0.020089 seconds 
  Import took 0.022757 seconds .

========================================================================
Received Import Request.
  Time since last request: 0.000217 seconds.
  path: Assets/Prefabs/PipeHolder.prefab
  artifactKey: Guid(672b40a1620d6db4eb9961e52e3b391d) Importer(815301076,1909f56bfc062723c751e8b465ee728b)
Start importing Assets/Prefabs/PipeHolder.prefab using Guid(672b40a1620d6db4eb9961e52e3b391d) Importer(815301076,1909f56bfc062723c751e8b465ee728b)  -> (artifact id: '285dffe80b5543ae84d417d0981c86f2') in 0.076232 seconds 
  Import took 0.078806 seconds .

========================================================================
Received Import Request.
  Time since last request: 0.000166 seconds.
  path: Assets/Sprites/ground.png
  artifactKey: Guid(af0b26d216603cc4fbbb8f0ab996935f) Importer(815301076,1909f56bfc062723c751e8b465ee728b)
Start importing Assets/Sprites/ground.png using Guid(af0b26d216603cc4fbbb8f0ab996935f) Importer(815301076,1909f56bfc062723c751e8b465ee728b)  -> (artifact id: '78e65499f845acc94103459df723cf23') in 0.021199 seconds 
  Import took 0.024159 seconds .

========================================================================
Received Import Request.
  Time since last request: 0.000142 seconds.
  path: Assets/Sprites/sample.png
  artifactKey: Guid(31d8a61a41979be46a487c8353ba5f86) Importer(815301076,1909f56bfc062723c751e8b465ee728b)
Start importing Assets/Sprites/sample.png using Guid(31d8a61a41979be46a487c8353ba5f86) Importer(815301076,1909f56bfc062723c751e8b465ee728b)  -> (artifact id: '3467f53b37f133f9602591e4b152b930') in 0.026964 seconds 
  Import took 0.029462 seconds .

========================================================================
Received Import Request.
  Time since last request: 0.000141 seconds.
  path: Assets/Sprites/ball2.png
  artifactKey: Guid(11a4bf5055e05fd46a355b74fa48f4e1) Importer(815301076,1909f56bfc062723c751e8b465ee728b)
Start importing Assets/Sprites/ball2.png using Guid(11a4bf5055e05fd46a355b74fa48f4e1) Importer(815301076,1909f56bfc062723c751e8b465ee728b)  -> (artifact id: 'efa8213fd06819a3807f0ee94be6bba5') in 0.024747 seconds 
  Import took 0.027463 seconds .

========================================================================
Received Import Request.
  Time since last request: 106.299883 seconds.
  path: Assets/Sprites/Font/kenvector_future.ttf
  artifactKey: Guid(5bd19439209cfc0489c05d986f3a1248) Importer(815301076,1909f56bfc062723c751e8b465ee728b)
Start importing Assets/Sprites/Font/kenvector_future.ttf using Guid(5bd19439209cfc0489c05d986f3a1248) Importer(815301076,1909f56bfc062723c751e8b465ee728b)  -> (artifact id: 'f3b65de2848f5c6fd679c1f308c4dd98') in 0.195382 seconds 
  Import took 0.201202 seconds .

========================================================================
Received Import Request.
  Time since last request: 0.000252 seconds.
  path: Assets/Sprites/Font/kenvector_future_thin.ttf
  artifactKey: Guid(bcefd4eb87cc292448122d25b548da24) Importer(815301076,1909f56bfc062723c751e8b465ee728b)
Start importing Assets/Sprites/Font/kenvector_future_thin.ttf using Guid(bcefd4eb87cc292448122d25b548da24) Importer(815301076,1909f56bfc062723c751e8b465ee728b)  -> (artifact id: '81a262faa660bfaa13bcad554075f85a') in 0.025396 seconds 
  Import took 0.029601 seconds .

========================================================================
Received Import Request.
  Time since last request: 80.267292 seconds.
  path: Assets/_Scenes/Menu.unity
  artifactKey: Guid(74651a9c09adf394590ac0d08aa62e2a) Importer(815301076,1909f56bfc062723c751e8b465ee728b)
Start importing Assets/_Scenes/Menu.unity using Guid(74651a9c09adf394590ac0d08aa62e2a) Importer(815301076,1909f56bfc062723c751e8b465ee728b)  -> (artifact id: '6f3056519688fd11119a0aae84f00c47') in 0.010589 seconds 
  Import took 0.015281 seconds .

========================================================================
Received Import Request.
  Time since last request: 55.207481 seconds.
  path: Assets/Sprites/Font
  artifactKey: Guid(507caa38ad6d84f42a0767b3c959283e) Importer(815301076,1909f56bfc062723c751e8b465ee728b)
Start importing Assets/Sprites/Font using Guid(507caa38ad6d84f42a0767b3c959283e) Importer(815301076,1909f56bfc062723c751e8b465ee728b)  -> (artifact id: '061150b794e383c069b5d684c1dc6956') in 0.007755 seconds 
  Import took 0.010876 seconds .

========================================================================
Received Import Request.
  Time since last request: 1.271210 seconds.
  path: Assets/Sprites/PNG/background.png
  artifactKey: Guid(7bc5fcbba88c3174ab86e041885ae359) Importer(815301076,1909f56bfc062723c751e8b465ee728b)
Start importing Assets/Sprites/PNG/background.png using Guid(7bc5fcbba88c3174ab86e041885ae359) Importer(815301076,1909f56bfc062723c751e8b465ee728b)  -> (artifact id: 'bb6796a5d97d870a894cf72f2a13b174') in 0.028078 seconds 
  Import took 0.031707 seconds .

========================================================================
Received Import Request.
  Time since last request: 0.000174 seconds.
  path: Assets/Sprites/PNG/starSilver.png
  artifactKey: Guid(12b63d14e0c765344937f36d014cae1c) Importer(815301076,1909f56bfc062723c751e8b465ee728b)
Start importing Assets/Sprites/PNG/starSilver.png using Guid(12b63d14e0c765344937f36d014cae1c) Importer(815301076,1909f56bfc062723c751e8b465ee728b)  -> (artifact id: '7ee3735c2c3cfb92efebb48b8b5ed097') in 0.020662 seconds 
  Import took 0.023415 seconds .

========================================================================
Received Import Request.
  Time since last request: 0.000196 seconds.
  path: Assets/Sprites/PNG/groundIce.png
  artifactKey: Guid(11cd5dabee629354b8c9ffe71110674c) Importer(815301076,1909f56bfc062723c751e8b465ee728b)
Start importing Assets/Sprites/PNG/groundIce.png using Guid(11cd5dabee629354b8c9ffe71110674c) Importer(815301076,1909f56bfc062723c751e8b465ee728b)  -> (artifact id: '3d0cbb77ece6d37198a4946a5f381f69') in 0.028602 seconds 
  Import took 0.031897 seconds .

========================================================================
Received Import Request.
  Time since last request: 0.000190 seconds.
  path: Assets/Sprites/PNG/groundSnow.png
  artifactKey: Guid(11df35df043016546bdb297cc7ab9256) Importer(815301076,1909f56bfc062723c751e8b465ee728b)
Start importing Assets/Sprites/PNG/groundSnow.png using Guid(11df35df043016546bdb297cc7ab9256) Importer(815301076,1909f56bfc062723c751e8b465ee728b)  -> (artifact id: '94aa69d4d644383d5cb7579a64247982') in 0.023705 seconds 
  Import took 0.026466 seconds .

========================================================================
Received Import Request.
  Time since last request: 0.000172 seconds.
  path: Assets/Sprites/PNG/starGold.png
  artifactKey: Guid(7ae96d9c79fa5bf4db5195cbefddec09) Importer(815301076,1909f56bfc062723c751e8b465ee728b)
Start importing Assets/Sprites/PNG/starGold.png using Guid(7ae96d9c79fa5bf4db5195cbefddec09) Importer(815301076,1909f56bfc062723c751e8b465ee728b)  -> (artifact id: '0f857544b9bd102bd9bb427cff282ceb') in 0.023898 seconds 
  Import took 0.027108 seconds .

========================================================================
Received Import Request.
  Time since last request: 0.000178 seconds.
  path: Assets/Sprites/PNG/groundRock.png
  artifactKey: Guid(f6236db6424a8ea4ab3d192a8104b5cd) Importer(815301076,1909f56bfc062723c751e8b465ee728b)
Start importing Assets/Sprites/PNG/groundRock.png using Guid(f6236db6424a8ea4ab3d192a8104b5cd) Importer(815301076,1909f56bfc062723c751e8b465ee728b)  -> (artifact id: '452a703024012cff3f992d971ed2ba1b') in 0.022055 seconds 
  Import took 0.024909 seconds .

========================================================================
Received Import Request.
  Time since last request: 0.000200 seconds.
  path: Assets/Sprites/PNG/rockGrassDown.png
  artifactKey: Guid(62946c6fbc9749141a8872400a91c52d) Importer(815301076,1909f56bfc062723c751e8b465ee728b)
Start importing Assets/Sprites/PNG/rockGrassDown.png using Guid(62946c6fbc9749141a8872400a91c52d) Importer(815301076,1909f56bfc062723c751e8b465ee728b)  -> (artifact id: 'd409934d272ff127341a35b871edc274') in 0.022599 seconds 
  Import took 0.025665 seconds .

========================================================================
Received Import Request.
  Time since last request: 0.000165 seconds.
  path: Assets/Sprites/PNG/rockSnowDown.png
  artifactKey: Guid(34f6ea1802931a34e9c7c23ec0b11de9) Importer(815301076,1909f56bfc062723c751e8b465ee728b)
Start importing Assets/Sprites/PNG/rockSnowDown.png using Guid(34f6ea1802931a34e9c7c23ec0b11de9) Importer(815301076,1909f56bfc062723c751e8b465ee728b)  -> (artifact id: 'cffc6d87f647269279c3e7b759fc7810') in 0.027151 seconds 
  Import took 0.029742 seconds .

========================================================================
Received Import Request.
  Time since last request: 0.000167 seconds.
  path: Assets/Sprites/PNG/groundDirt.png
  artifactKey: Guid(af49bb83fbe096d4dae455eeebe4ea96) Importer(815301076,1909f56bfc062723c751e8b465ee728b)
Start importing Assets/Sprites/PNG/groundDirt.png using Guid(af49bb83fbe096d4dae455eeebe4ea96) Importer(815301076,1909f56bfc062723c751e8b465ee728b)  -> (artifact id: '6501e918c8081657a3c05b9e06868ed0') in 0.028964 seconds 
  Import took 0.031925 seconds .

========================================================================
Received Import Request.
  Time since last request: 0.000159 seconds.
  path: Assets/Sprites/PNG/rockSnow.png
  artifactKey: Guid(db466d442dda4964e8cb4c0a7ec5e43d) Importer(815301076,1909f56bfc062723c751e8b465ee728b)
Start importing Assets/Sprites/PNG/rockSnow.png using Guid(db466d442dda4964e8cb4c0a7ec5e43d) Importer(815301076,1909f56bfc062723c751e8b465ee728b)  -> (artifact id: 'f8524c9fbcd5900a06e31532daaaee80') in 0.027720 seconds 
  Import took 0.031065 seconds .

========================================================================
Received Import Request.
  Time since last request: 0.000190 seconds.
  path: Assets/Sprites/PNG/puffSmall.png
  artifactKey: Guid(16a3a5fcd87b3474abd59ceca829ba81) Importer(815301076,1909f56bfc062723c751e8b465ee728b)
Start importing Assets/Sprites/PNG/puffSmall.png using Guid(16a3a5fcd87b3474abd59ceca829ba81) Importer(815301076,1909f56bfc062723c751e8b465ee728b)  -> (artifact id: '69d06e36624b60d856cd7c9227048bd8') in 0.030545 seconds 
  Import took 0.033546 seconds .

========================================================================
Received Import Request.
  Time since last request: 0.000175 seconds.
  path: Assets/Sprites/PNG/starBronze.png
  artifactKey: Guid(4a14cf87a08a52b43a2d0826bc4aeb4c) Importer(815301076,1909f56bfc062723c751e8b465ee728b)
Start importing Assets/Sprites/PNG/starBronze.png using Guid(4a14cf87a08a52b43a2d0826bc4aeb4c) Importer(815301076,1909f56bfc062723c751e8b465ee728b)  -> (artifact id: 'e2e40451e2fa1f875a000f211da0076f') in 0.025397 seconds 
  Import took 0.028324 seconds .

========================================================================
Received Import Request.
  Time since last request: 0.000194 seconds.
  path: Assets/Sprites/PNG/puffLarge.png
  artifactKey: Guid(cf209fa32105a0f41b2b782e86b2d9c5) Importer(815301076,1909f56bfc062723c751e8b465ee728b)
Start importing Assets/Sprites/PNG/puffLarge.png using Guid(cf209fa32105a0f41b2b782e86b2d9c5) Importer(815301076,1909f56bfc062723c751e8b465ee728b)  -> (artifact id: '115880b1599ba6c8d0d77535804ba16d') in 0.023313 seconds 
  Import took 0.026708 seconds .

========================================================================
Received Import Request.
  Time since last request: 0.000169 seconds.
  path: Assets/Sprites/PNG/rock.png
  artifactKey: Guid(b752a81b59a20e141b586e9484a47b0c) Importer(815301076,1909f56bfc062723c751e8b465ee728b)
Start importing Assets/Sprites/PNG/rock.png using Guid(b752a81b59a20e141b586e9484a47b0c) Importer(815301076,1909f56bfc062723c751e8b465ee728b)  -> (artifact id: '99e2375eb6775c3267e8e9195e761b11') in 0.023664 seconds 
  Import took 0.026568 seconds .

========================================================================
Received Import Request.
  Time since last request: 0.000163 seconds.
  path: Assets/Sprites/PNG/rockDown.png
  artifactKey: Guid(a0c8dc58b6fc88b4996680e53fa51176) Importer(815301076,1909f56bfc062723c751e8b465ee728b)
Start importing Assets/Sprites/PNG/rockDown.png using Guid(a0c8dc58b6fc88b4996680e53fa51176) Importer(815301076,1909f56bfc062723c751e8b465ee728b)  -> (artifact id: '2dc20da2c5e2b195ef8a819513fea8e8') in 0.024651 seconds 
  Import took 0.027282 seconds .

========================================================================
Received Import Request.
  Time since last request: 0.000142 seconds.
  path: Assets/Sprites/PNG/rockIce.png
  artifactKey: Guid(b4bc25edb19b72d43bd067ec15b8efd0) Importer(815301076,1909f56bfc062723c751e8b465ee728b)
Start importing Assets/Sprites/PNG/rockIce.png using Guid(b4bc25edb19b72d43bd067ec15b8efd0) Importer(815301076,1909f56bfc062723c751e8b465ee728b)  -> (artifact id: '82162cfb00014c7337b6827cb8eedc2b') in 0.027727 seconds 
  Import took 0.030336 seconds .

========================================================================
Received Import Request.
  Time since last request: 0.000152 seconds.
  path: Assets/Sprites/PNG/rockGrass.png
  artifactKey: Guid(307a60a83e0d2a24eb907bc74b0b8635) Importer(815301076,1909f56bfc062723c751e8b465ee728b)
Start importing Assets/Sprites/PNG/rockGrass.png using Guid(307a60a83e0d2a24eb907bc74b0b8635) Importer(815301076,1909f56bfc062723c751e8b465ee728b)  -> (artifact id: '1476765698b9002389be46aff77db2f3') in 0.025581 seconds 
  Import took 0.028130 seconds .

========================================================================
Received Import Request.
  Time since last request: 0.000162 seconds.
  path: Assets/Sprites/PNG/rockIceDown.png
  artifactKey: Guid(6d34e64434a671f4899acd409e190c43) Importer(815301076,1909f56bfc062723c751e8b465ee728b)
Start importing Assets/Sprites/PNG/rockIceDown.png using Guid(6d34e64434a671f4899acd409e190c43) Importer(815301076,1909f56bfc062723c751e8b465ee728b)  -> (artifact id: 'f67edcefca0f224f0260a8650b81f3a0') in 0.026393 seconds 
  Import took 0.029753 seconds .

========================================================================
Received Import Request.
  Time since last request: 0.000160 seconds.
  path: Assets/Sprites/PNG/groundGrass.png
  artifactKey: Guid(494b0a561183976498bcc25596d7ba72) Importer(815301076,1909f56bfc062723c751e8b465ee728b)
Start importing Assets/Sprites/PNG/groundGrass.png using Guid(494b0a561183976498bcc25596d7ba72) Importer(815301076,1909f56bfc062723c751e8b465ee728b)  -> (artifact id: 'f9492043152808f6348f38689863fe2c') in 0.025863 seconds 
  Import took 0.028806 seconds .

========================================================================
Received Import Request.
  Time since last request: 5.981634 seconds.
  path: Assets/Sprites/Spritesheet/planes.png
  artifactKey: Guid(c30d8557ce5d2f245b450eb288094c59) Importer(815301076,1909f56bfc062723c751e8b465ee728b)
Start importing Assets/Sprites/Spritesheet/planes.png using Guid(c30d8557ce5d2f245b450eb288094c59) Importer(815301076,1909f56bfc062723c751e8b465ee728b)  -> (artifact id: '77f2b46d0bbc29c8cc9e08b5c27a7b23') in 0.029811 seconds 
  Import took 0.033705 seconds .

========================================================================
Received Import Request.
  Time since last request: 0.000195 seconds.
  path: Assets/Sprites/Spritesheet/sheet.png
  artifactKey: Guid(ca5de8c2e90164249961a5468149df56) Importer(815301076,1909f56bfc062723c751e8b465ee728b)
Start importing Assets/Sprites/Spritesheet/sheet.png using Guid(ca5de8c2e90164249961a5468149df56) Importer(815301076,1909f56bfc062723c751e8b465ee728b)  -> (artifact id: 'f749a1e37ac4fe476104b3884e23ed7e') in 0.031868 seconds 
  Import took 0.034680 seconds .

========================================================================
Received Prepare
Registering precompiled user dll's ...
Registered in 0.003232 seconds.
Begin MonoManager ReloadAssembly
Native extension for WindowsStandalone target not found
Native extension for WebGL target not found
Refreshing native plugins compatible for Editor in 0.43 ms, found 2 plugins.
Preloading 0 native plugins for Editor in 0.00 ms.
Mono: successfully reloaded assembly
- Completed reload, in  1.729 seconds
Domain Reload Profiling:
	ReloadAssembly (1730ms)
		BeginReloadAssembly (188ms)
			ExecutionOrderSort (0ms)
			DisableScriptedObjects (7ms)
			BackupInstance (0ms)
			ReleaseScriptingObjects (0ms)
			CreateAndSetChildDomain (55ms)
		EndReloadAssembly (1432ms)
			LoadAssemblies (176ms)
			RebuildTransferFunctionScriptingTraits (0ms)
			SetupTypeCache (495ms)
			ReleaseScriptCaches (2ms)
			RebuildScriptCaches (81ms)
			SetupLoadedEditorAssemblies (533ms)
				LogAssemblyErrors (0ms)
				InitializePlatformSupportModulesInManaged (10ms)
				SetLoadedEditorAssemblies (1ms)
				RefreshPlugins (1ms)
				BeforeProcessingInitializeOnLoad (138ms)
				ProcessInitializeOnLoadAttributes (365ms)
				ProcessInitializeOnLoadMethodAttributes (14ms)
				AfterProcessingInitializeOnLoad (3ms)
				EditorAssembliesLoaded (0ms)
			ExecutionOrderSort2 (0ms)
			AwakeInstancesAfterBackupRestoration (13ms)
Platform modules already initialized, skipping
Refreshing native plugins compatible for Editor in 0.93 ms, found 2 plugins.
Preloading 0 native plugins for Editor in 0.00 ms.
Unloading 1504 Unused Serialized files (Serialized files now loaded: 0)
System memory in use before: 72.0 MB.
System memory in use after: 72.2 MB.

Unloading 11 unused Assets to reduce memory usage. Loaded Objects now: 2014.
Total: 5.059700 ms (FindLiveObjects: 0.318700 ms CreateObjectMapping: 0.104300 ms MarkObjects: 4.580200 ms  DeleteObjects: 0.055100 ms)

AssetImportParameters requested are different than current active one (requested -> active):
  custom:framework-win-MediaFoundation: 216162199b28c13a410421893ffa2e32 -> 
  custom:video-decoder-ogg-theora: a1e56fd34408186e4bbccfd4996cb3dc -> 
  custom:container-muxer-webm: aa71ff27fc2769a1b78a27578f13a17b -> 
  custom:container-demuxer-webm: 4f35f7cbe854078d1ac9338744f61a02 -> 
  custom:container-demuxer-ogg: 62fdf1f143b41e24485cea50d1cbac27 -> 
  custom:video-encoder-webm-vp8: eb34c28f22e8b96e1ab97ce403110664 -> 
  custom:video-decoder-webm-vp8: 9c59270c3fd7afecdb556c50c9e8de78 -> 
  custom:audio-decoder-ogg-vorbis: bf7c407c2cedff20999df2af8eb42d56 -> 
  custom:audio-encoder-webm-vorbis: bf7c407c2cedff20999df2af8eb42d56 -> 
========================================================================
Received Prepare
Registering precompiled user dll's ...
Registered in 0.007881 seconds.
Begin MonoManager ReloadAssembly
Native extension for WindowsStandalone target not found
Native extension for WebGL target not found
Refreshing native plugins compatible for Editor in 0.39 ms, found 2 plugins.
Preloading 0 native plugins for Editor in 0.00 ms.
Mono: successfully reloaded assembly
- Completed reload, in  1.183 seconds
Domain Reload Profiling:
	ReloadAssembly (1183ms)
		BeginReloadAssembly (152ms)
			ExecutionOrderSort (0ms)
			DisableScriptedObjects (7ms)
			BackupInstance (0ms)
			ReleaseScriptingObjects (0ms)
			CreateAndSetChildDomain (43ms)
		EndReloadAssembly (972ms)
			LoadAssemblies (116ms)
			RebuildTransferFunctionScriptingTraits (0ms)
			SetupTypeCache (327ms)
			ReleaseScriptCaches (1ms)
			RebuildScriptCaches (44ms)
			SetupLoadedEditorAssemblies (380ms)
				LogAssemblyErrors (0ms)
				InitializePlatformSupportModulesInManaged (6ms)
				SetLoadedEditorAssemblies (1ms)
				RefreshPlugins (0ms)
				BeforeProcessingInitializeOnLoad (84ms)
				ProcessInitializeOnLoadAttributes (274ms)
				ProcessInitializeOnLoadMethodAttributes (11ms)
				AfterProcessingInitializeOnLoad (3ms)
				EditorAssembliesLoaded (0ms)
			ExecutionOrderSort2 (0ms)
			AwakeInstancesAfterBackupRestoration (10ms)
Platform modules already initialized, skipping
Refreshing native plugins compatible for Editor in 0.45 ms, found 2 plugins.
Preloading 0 native plugins for Editor in 0.00 ms.
Unloading 1504 Unused Serialized files (Serialized files now loaded: 0)
System memory in use before: 72.1 MB.
System memory in use after: 72.2 MB.

Unloading 11 unused Assets to reduce memory usage. Loaded Objects now: 2016.
Total: 3.204500 ms (FindLiveObjects: 0.167600 ms CreateObjectMapping: 0.080000 ms MarkObjects: 2.930500 ms  DeleteObjects: 0.025500 ms)

AssetImportParameters requested are different than current active one (requested -> active):
  custom:framework-win-MediaFoundation: 216162199b28c13a410421893ffa2e32 -> 
  custom:video-decoder-ogg-theora: a1e56fd34408186e4bbccfd4996cb3dc -> 
  custom:container-muxer-webm: aa71ff27fc2769a1b78a27578f13a17b -> 
  custom:container-demuxer-webm: 4f35f7cbe854078d1ac9338744f61a02 -> 
  custom:container-demuxer-ogg: 62fdf1f143b41e24485cea50d1cbac27 -> 
  custom:video-encoder-webm-vp8: eb34c28f22e8b96e1ab97ce403110664 -> 
  custom:video-decoder-webm-vp8: 9c59270c3fd7afecdb556c50c9e8de78 -> 
  custom:audio-decoder-ogg-vorbis: bf7c407c2cedff20999df2af8eb42d56 -> 
  custom:audio-encoder-webm-vorbis: bf7c407c2cedff20999df2af8eb42d56 -> 
========================================================================
Received Prepare
Registering precompiled user dll's ...
Registered in 0.004139 seconds.
Begin MonoManager ReloadAssembly
Native extension for WindowsStandalone target not found
Native extension for WebGL target not found
Refreshing native plugins compatible for Editor in 0.34 ms, found 2 plugins.
Preloading 0 native plugins for Editor in 0.00 ms.
Mono: successfully reloaded assembly
- Completed reload, in  1.166 seconds
Domain Reload Profiling:
	ReloadAssembly (1167ms)
		BeginReloadAssembly (129ms)
			ExecutionOrderSort (0ms)
			DisableScriptedObjects (5ms)
			BackupInstance (0ms)
			ReleaseScriptingObjects (0ms)
			CreateAndSetChildDomain (37ms)
		EndReloadAssembly (963ms)
			LoadAssemblies (91ms)
			RebuildTransferFunctionScriptingTraits (0ms)
			SetupTypeCache (338ms)
			ReleaseScriptCaches (1ms)
			RebuildScriptCaches (45ms)
			SetupLoadedEditorAssemblies (368ms)
				LogAssemblyErrors (0ms)
				InitializePlatformSupportModulesInManaged (5ms)
				SetLoadedEditorAssemblies (1ms)
				RefreshPlugins (0ms)
				BeforeProcessingInitializeOnLoad (90ms)
				ProcessInitializeOnLoadAttributes (257ms)
				ProcessInitializeOnLoadMethodAttributes (11ms)
				AfterProcessingInitializeOnLoad (3ms)
				EditorAssembliesLoaded (0ms)
			ExecutionOrderSort2 (0ms)
			AwakeInstancesAfterBackupRestoration (9ms)
Platform modules already initialized, skipping
Refreshing native plugins compatible for Editor in 0.47 ms, found 2 plugins.
Preloading 0 native plugins for Editor in 0.00 ms.
Unloading 1504 Unused Serialized files (Serialized files now loaded: 0)
System memory in use before: 72.1 MB.
System memory in use after: 72.2 MB.

Unloading 11 unused Assets to reduce memory usage. Loaded Objects now: 2018.
Total: 3.089500 ms (FindLiveObjects: 0.154400 ms CreateObjectMapping: 0.083900 ms MarkObjects: 2.823800 ms  DeleteObjects: 0.026500 ms)

AssetImportParameters requested are different than current active one (requested -> active):
  custom:framework-win-MediaFoundation: 216162199b28c13a410421893ffa2e32 -> 
  custom:video-decoder-ogg-theora: a1e56fd34408186e4bbccfd4996cb3dc -> 
  custom:container-muxer-webm: aa71ff27fc2769a1b78a27578f13a17b -> 
  custom:container-demuxer-webm: 4f35f7cbe854078d1ac9338744f61a02 -> 
  custom:container-demuxer-ogg: 62fdf1f143b41e24485cea50d1cbac27 -> 
  custom:video-encoder-webm-vp8: eb34c28f22e8b96e1ab97ce403110664 -> 
  custom:video-decoder-webm-vp8: 9c59270c3fd7afecdb556c50c9e8de78 -> 
  custom:audio-decoder-ogg-vorbis: bf7c407c2cedff20999df2af8eb42d56 -> 
  custom:audio-encoder-webm-vorbis: bf7c407c2cedff20999df2af8eb42d56 -> 
========================================================================
Received Prepare
Registering precompiled user dll's ...
Registered in 0.002470 seconds.
Begin MonoManager ReloadAssembly
Native extension for WindowsStandalone target not found
Native extension for WebGL target not found
Refreshing native plugins compatible for Editor in 0.52 ms, found 2 plugins.
Preloading 0 native plugins for Editor in 0.00 ms.
Mono: successfully reloaded assembly
- Completed reload, in  1.221 seconds
Domain Reload Profiling:
	ReloadAssembly (1221ms)
		BeginReloadAssembly (118ms)
			ExecutionOrderSort (0ms)
			DisableScriptedObjects (5ms)
			BackupInstance (0ms)
			ReleaseScriptingObjects (0ms)
			CreateAndSetChildDomain (31ms)
		EndReloadAssembly (1034ms)
			LoadAssemblies (112ms)
			RebuildTransferFunctionScriptingTraits (0ms)
			SetupTypeCache (366ms)
			ReleaseScriptCaches (1ms)
			RebuildScriptCaches (54ms)
			SetupLoadedEditorAssemblies (380ms)
				LogAssemblyErrors (0ms)
				InitializePlatformSupportModulesInManaged (7ms)
				SetLoadedEditorAssemblies (1ms)
				RefreshPlugins (1ms)
				BeforeProcessingInitializeOnLoad (106ms)
				ProcessInitializeOnLoadAttributes (250ms)
				ProcessInitializeOnLoadMethodAttributes (12ms)
				AfterProcessingInitializeOnLoad (3ms)
				EditorAssembliesLoaded (0ms)
			ExecutionOrderSort2 (0ms)
			AwakeInstancesAfterBackupRestoration (10ms)
Platform modules already initialized, skipping
Refreshing native plugins compatible for Editor in 0.38 ms, found 2 plugins.
Preloading 0 native plugins for Editor in 0.00 ms.
Unloading 1504 Unused Serialized files (Serialized files now loaded: 0)
System memory in use before: 72.1 MB.
System memory in use after: 72.2 MB.

Unloading 11 unused Assets to reduce memory usage. Loaded Objects now: 2020.
Total: 3.259700 ms (FindLiveObjects: 0.200500 ms CreateObjectMapping: 0.064300 ms MarkObjects: 2.972700 ms  DeleteObjects: 0.021000 ms)

AssetImportParameters requested are different than current active one (requested -> active):
  custom:framework-win-MediaFoundation: 216162199b28c13a410421893ffa2e32 -> 
  custom:video-decoder-ogg-theora: a1e56fd34408186e4bbccfd4996cb3dc -> 
  custom:container-muxer-webm: aa71ff27fc2769a1b78a27578f13a17b -> 
  custom:container-demuxer-webm: 4f35f7cbe854078d1ac9338744f61a02 -> 
  custom:container-demuxer-ogg: 62fdf1f143b41e24485cea50d1cbac27 -> 
  custom:video-encoder-webm-vp8: eb34c28f22e8b96e1ab97ce403110664 -> 
  custom:video-decoder-webm-vp8: 9c59270c3fd7afecdb556c50c9e8de78 -> 
  custom:audio-decoder-ogg-vorbis: bf7c407c2cedff20999df2af8eb42d56 -> 
  custom:audio-encoder-webm-vorbis: bf7c407c2cedff20999df2af8eb42d56 -> 
========================================================================
Received Prepare
Registering precompiled user dll's ...
Registered in 0.003599 seconds.
Begin MonoManager ReloadAssembly
Native extension for WindowsStandalone target not found
Native extension for WebGL target not found
Refreshing native plugins compatible for Editor in 0.47 ms, found 2 plugins.
Preloading 0 native plugins for Editor in 0.00 ms.
Mono: successfully reloaded assembly
- Completed reload, in  1.608 seconds
Domain Reload Profiling:
	ReloadAssembly (1608ms)
		BeginReloadAssembly (113ms)
			ExecutionOrderSort (0ms)
			DisableScriptedObjects (5ms)
			BackupInstance (0ms)
			ReleaseScriptingObjects (0ms)
			CreateAndSetChildDomain (32ms)
		EndReloadAssembly (1398ms)
			LoadAssemblies (128ms)
			RebuildTransferFunctionScriptingTraits (0ms)
			SetupTypeCache (467ms)
			ReleaseScriptCaches (1ms)
			RebuildScriptCaches (72ms)
			SetupLoadedEditorAssemblies (524ms)
				LogAssemblyErrors (0ms)
				InitializePlatformSupportModulesInManaged (10ms)
				SetLoadedEditorAssemblies (1ms)
				RefreshPlugins (1ms)
				BeforeProcessingInitializeOnLoad (127ms)
				ProcessInitializeOnLoadAttributes (368ms)
				ProcessInitializeOnLoadMethodAttributes (14ms)
				AfterProcessingInitializeOnLoad (3ms)
				EditorAssembliesLoaded (1ms)
			ExecutionOrderSort2 (0ms)
			AwakeInstancesAfterBackupRestoration (12ms)
Platform modules already initialized, skipping
Refreshing native plugins compatible for Editor in 0.41 ms, found 2 plugins.
Preloading 0 native plugins for Editor in 0.00 ms.
Unloading 1504 Unused Serialized files (Serialized files now loaded: 0)
System memory in use before: 72.1 MB.
System memory in use after: 72.2 MB.

Unloading 11 unused Assets to reduce memory usage. Loaded Objects now: 2022.
Total: 3.585200 ms (FindLiveObjects: 0.215500 ms CreateObjectMapping: 0.071200 ms MarkObjects: 3.272700 ms  DeleteObjects: 0.024700 ms)

AssetImportParameters requested are different than current active one (requested -> active):
  custom:framework-win-MediaFoundation: 216162199b28c13a410421893ffa2e32 -> 
  custom:video-decoder-ogg-theora: a1e56fd34408186e4bbccfd4996cb3dc -> 
  custom:container-muxer-webm: aa71ff27fc2769a1b78a27578f13a17b -> 
  custom:container-demuxer-webm: 4f35f7cbe854078d1ac9338744f61a02 -> 
  custom:container-demuxer-ogg: 62fdf1f143b41e24485cea50d1cbac27 -> 
  custom:video-encoder-webm-vp8: eb34c28f22e8b96e1ab97ce403110664 -> 
  custom:video-decoder-webm-vp8: 9c59270c3fd7afecdb556c50c9e8de78 -> 
  custom:audio-decoder-ogg-vorbis: bf7c407c2cedff20999df2af8eb42d56 -> 
  custom:audio-encoder-webm-vorbis: bf7c407c2cedff20999df2af8eb42d56 -> 
AssetImportWorkerClient::OnTransportError - code=2 error=End of file
